<?xml version="1.0" encoding="UTF-8"?>
<!-- Generated by org.testng.reporters.JUnitReportReporter -->
<testsuite hostname="cdac-ecgc" failures="0" tests="3" name="in.ecgc.erp.hrd_emp_be.HrdEmpBeApplicationTests" time="0.680" errors="0" timestamp="8 May 2020 11:21:20 GMT">
  <testcase classname="in.ecgc.erp.hrd_emp_be.HrdEmpBeApplicationTests" name="deleteEmployee" time="0.098"/>
  <testcase classname="in.ecgc.erp.hrd_emp_be.HrdEmpBeApplicationTests" name="addEmployee" time="0.558"/>
  <testcase classname="in.ecgc.erp.hrd_emp_be.HrdEmpBeApplicationTests" name="viewAllEmployees" time="0.024"/>
</testsuite> <!-- in.ecgc.erp.hrd_emp_be.HrdEmpBeApplicationTests -->
