<?xml version="1.0" encoding="UTF-8"?>
<!-- Generated by org.testng.reporters.JUnitReportReporter -->
<testsuite hostname="DESKTOP-CEKU0A0" name="in.ecgc.erp.hrd_emp_be.TestNGController" tests="3" failures="0" timestamp="27 Apr 2020 04:29:44 GMT" time="0.622" errors="0">
  <testcase name="viewAllEmployees" time="0.038" classname="in.ecgc.erp.hrd_emp_be.TestNGController"/>
  <testcase name="deleteEmployee" time="0.020" classname="in.ecgc.erp.hrd_emp_be.TestNGController"/>
  <testcase name="addEmployee" time="0.564" classname="in.ecgc.erp.hrd_emp_be.TestNGController"/>
</testsuite> <!-- in.ecgc.erp.hrd_emp_be.TestNGController -->
