<?xml version="1.0" encoding="UTF-8"?>
<!-- Generated by org.testng.reporters.JUnitReportReporter -->
<testsuite skipped="0" hostname="cdac-ecgc" name="com.app.TestNG" tests="1" failures="0" timestamp="14 Apr 2020 08:23:07 GMT" time="1.011" errors="0">
  <testcase name="googleSearch" time="1.011" classname="com.app.TestNG"/>
</testsuite> <!-- com.app.TestNG -->
