<?xml version="1.0" encoding="UTF-8"?>
<!-- Generated by org.testng.reporters.JUnitReportReporter -->
<testsuite hostname="cdac-ecgc" failures="0" tests="1" name="com.app.TestNG" time="0.683" errors="0" timestamp="20 Apr 2020 06:46:33 GMT" skipped="0">
  <testcase classname="com.app.TestNG" name="googleSearch" time="0.683"/>
</testsuite> <!-- com.app.TestNG -->
