<?xml version='1.1' encoding='UTF-8'?>
<project>
  <actions/>
  <description></description>
  <keepDependencies>false</keepDependencies>
  <properties>
    <com.coravy.hudson.plugins.github.GithubProjectProperty plugin="github@1.29.5">
      <projectUrl>git@10.212.0.206:Sonali/ECGC-CI-CD-Angular-Spring-Boot-1.git/</projectUrl>
      <displayName></displayName>
    </com.coravy.hudson.plugins.github.GithubProjectProperty>
    <com.dabsquared.gitlabjenkins.connection.GitLabConnectionProperty plugin="gitlab-plugin@1.5.13">
      <gitLabConnection>Webhook</gitLabConnection>
    </com.dabsquared.gitlabjenkins.connection.GitLabConnectionProperty>
  </properties>
  <scm class="hudson.plugins.git.GitSCM" plugin="git@4.0.0">
    <configVersion>2</configVersion>
    <userRemoteConfigs>
      <hudson.plugins.git.UserRemoteConfig>
        <url>git@10.212.0.206:Sonali/ECGC-CI-CD-Angular-Spring-Boot-1.git</url>
        <credentialsId>015761f8-6be8-4c93-84f2-b75049f78c1a</credentialsId>
      </hudson.plugins.git.UserRemoteConfig>
    </userRemoteConfigs>
    <branches>
      <hudson.plugins.git.BranchSpec>
        <name>*/master</name>
      </hudson.plugins.git.BranchSpec>
    </branches>
    <doGenerateSubmoduleConfigurations>false</doGenerateSubmoduleConfigurations>
    <submoduleCfg class="list"/>
    <extensions/>
  </scm>
  <canRoam>true</canRoam>
  <disabled>false</disabled>
  <blockBuildWhenDownstreamBuilding>false</blockBuildWhenDownstreamBuilding>
  <blockBuildWhenUpstreamBuilding>false</blockBuildWhenUpstreamBuilding>
  <triggers>
    <jenkins.triggers.ReverseBuildTrigger>
      <spec></spec>
      <upstreamProjects>ZAP_ECGC-1, </upstreamProjects>
      <threshold>
        <name>SUCCESS</name>
        <ordinal>0</ordinal>
        <color>BLUE</color>
        <completeBuild>true</completeBuild>
      </threshold>
    </jenkins.triggers.ReverseBuildTrigger>
    <com.dabsquared.gitlabjenkins.GitLabPushTrigger plugin="gitlab-plugin@1.5.13">
      <spec></spec>
      <triggerOnPush>true</triggerOnPush>
      <triggerOnMergeRequest>true</triggerOnMergeRequest>
      <triggerOnPipelineEvent>false</triggerOnPipelineEvent>
      <triggerOnAcceptedMergeRequest>false</triggerOnAcceptedMergeRequest>
      <triggerOnClosedMergeRequest>false</triggerOnClosedMergeRequest>
      <triggerOnApprovedMergeRequest>true</triggerOnApprovedMergeRequest>
      <triggerOpenMergeRequestOnPush>never</triggerOpenMergeRequestOnPush>
      <triggerOnNoteRequest>true</triggerOnNoteRequest>
      <noteRegex>Jenkins please retry a build</noteRegex>
      <ciSkip>true</ciSkip>
      <skipWorkInProgressMergeRequest>true</skipWorkInProgressMergeRequest>
      <setBuildDescription>true</setBuildDescription>
      <branchFilterType>All</branchFilterType>
      <includeBranchesSpec></includeBranchesSpec>
      <excludeBranchesSpec></excludeBranchesSpec>
      <sourceBranchRegex></sourceBranchRegex>
      <targetBranchRegex></targetBranchRegex>
      <secretToken>{AQAAABAAAAAQ5EdTEiqkF1Ng7vKXjgmOATqai9QkUyDejQIITOwFX70=}</secretToken>
      <pendingBuildName></pendingBuildName>
      <cancelPendingBuildsOnUpdate>false</cancelPendingBuildsOnUpdate>
    </com.dabsquared.gitlabjenkins.GitLabPushTrigger>
  </triggers>
  <concurrentBuild>false</concurrentBuild>
  <builders>
    <hudson.tasks.Maven>
      <targets>clean test</targets>
      <mavenName>MAVEN_HOME</mavenName>
      <pom>spring_boot_demo/pom.xml</pom>
      <usePrivateRepository>false</usePrivateRepository>
      <settings class="jenkins.mvn.DefaultSettingsProvider"/>
      <globalSettings class="jenkins.mvn.DefaultGlobalSettingsProvider"/>
      <injectBuildVariables>false</injectBuildVariables>
    </hudson.tasks.Maven>
  </builders>
  <publishers>
    <htmlpublisher.HtmlPublisher plugin="htmlpublisher@1.21">
      <reportTargets/>
    </htmlpublisher.HtmlPublisher>
    <hudson.plugins.testng.Publisher plugin="testng-plugin@1.15">
      <reportFilenamePattern>spring_boot_demo/test-output/testng-results.xml</reportFilenamePattern>
      <escapeTestDescp>true</escapeTestDescp>
      <escapeExceptionMsg>true</escapeExceptionMsg>
      <failureOnFailedTestConfig>true</failureOnFailedTestConfig>
      <showFailedBuilds>true</showFailedBuilds>
      <unstableSkips>100</unstableSkips>
      <unstableFails>0</unstableFails>
      <failedSkips>100</failedSkips>
      <failedFails>100</failedFails>
      <thresholdMode>2</thresholdMode>
    </hudson.plugins.testng.Publisher>
  </publishers>
  <buildWrappers/>
</project>