<?xml version='1.1' encoding='UTF-8'?>
<project>
  <actions/>
  <description></description>
  <keepDependencies>false</keepDependencies>
  <properties/>
  <scm class="hudson.plugins.git.GitSCM" plugin="git@4.2.2">
    <configVersion>2</configVersion>
    <userRemoteConfigs>
      <hudson.plugins.git.UserRemoteConfig>
        <url>https://github.com/Sonali-K/ECGC-CI-CD-Pipeline.git</url>
      </hudson.plugins.git.UserRemoteConfig>
    </userRemoteConfigs>
    <branches>
      <hudson.plugins.git.BranchSpec>
        <name>*/master</name>
      </hudson.plugins.git.BranchSpec>
    </branches>
    <doGenerateSubmoduleConfigurations>false</doGenerateSubmoduleConfigurations>
    <submoduleCfg class="list"/>
    <extensions/>
  </scm>
  <canRoam>true</canRoam>
  <disabled>false</disabled>
  <blockBuildWhenDownstreamBuilding>false</blockBuildWhenDownstreamBuilding>
  <blockBuildWhenUpstreamBuilding>false</blockBuildWhenUpstreamBuilding>
  <triggers>
    <hudson.triggers.SCMTrigger>
      <spec>* * * * *</spec>
      <ignorePostCommitHooks>false</ignorePostCommitHooks>
    </hudson.triggers.SCMTrigger>
  </triggers>
  <concurrentBuild>false</concurrentBuild>
  <builders>
    <hudson.tasks.Maven>
      <targets>clean test </targets>
      <mavenName>Maven-3.6.3</mavenName>
      <pom>spring_boot_demo/pom.xml</pom>
      <usePrivateRepository>false</usePrivateRepository>
      <settings class="jenkins.mvn.DefaultSettingsProvider"/>
      <globalSettings class="jenkins.mvn.DefaultGlobalSettingsProvider"/>
      <injectBuildVariables>false</injectBuildVariables>
    </hudson.tasks.Maven>
  </builders>
  <publishers>
    <hudson.plugins.testng.Publisher plugin="testng-plugin@1.15">
      <reportFilenamePattern>spring_boot_demo/test-output/testng-results.xml</reportFilenamePattern>
      <escapeTestDescp>true</escapeTestDescp>
      <escapeExceptionMsg>true</escapeExceptionMsg>
      <failureOnFailedTestConfig>true</failureOnFailedTestConfig>
      <showFailedBuilds>true</showFailedBuilds>
      <unstableSkips>100</unstableSkips>
      <unstableFails>0</unstableFails>
      <failedSkips>100</failedSkips>
      <failedFails>100</failedFails>
      <thresholdMode>2</thresholdMode>
    </hudson.plugins.testng.Publisher>
  </publishers>
  <buildWrappers/>
</project>