<?xml version="1.0" encoding="UTF-8"?>
<!-- Generated by org.testng.reporters.JUnitReportReporter -->
<testsuite hostname="cdac-ecgc" failures="0" tests="3" name="in.ecgc.erp.hrd_emp_be.TestNGController" time="0.229" errors="0" timestamp="24 Apr 2020 09:06:39 GMT">
  <testcase classname="in.ecgc.erp.hrd_emp_be.TestNGController" name="addEmployee" time="0.204"/>
  <testcase classname="in.ecgc.erp.hrd_emp_be.TestNGController" name="deleteEmployee" time="0.009"/>
  <testcase classname="in.ecgc.erp.hrd_emp_be.TestNGController" name="viewAllEmployees" time="0.016"/>
</testsuite> <!-- in.ecgc.erp.hrd_emp_be.TestNGController -->
